Arguments: 
  /usr/local/bin/node /Users/f7ih/.npm-global/bin/yarn

PATH: 
  /Users/f7ih/.fastlane/bin:/Users/f7ih/.npm-global/bin:/Users/f7ih/.npm-global/bin:/usr/local/bin:/usr/bin:/bin:/usr/sbin:/sbin:/usr/local/munki:/Users/f7ih/.rvm/bin:/Users/f7ih/Library/Android/sdk/tools:/Users/f7ih/Library/Android/sdk/platform-tools

Yarn version: 
  0.24.5

Node version: 
  6.10.1

Platform: 
  darwin x64

npm manifest: 
  {
    "name": "generator-apisauce-mod",
    "version": "0.1.0",
    "description": "Modify apisauce to expose responseURL",
    "homepage": "https://gitlab-unit.bcbsfl.com/git-mob/mobsauce/apisauce-mod",
    "author": {
      "name": "FL Blue",
      "email": "dibyendu.roy@bcbsfl.com",
      "url": "https://gitlab-unit.bcbsfl.com/git-mob"
    },
    "files": [
      "app"
    ],
    "keywords": [
      "apisauce",
      "mod",
      "yeoman-generator"
    ],
    "dependencies": {
      "chalk": "^1.0.0",
      "colors": "^1.1.2",
      "shelljs": "^0.7.4",
      "yeoman-generator": "^0.23.0",
      "pluralize": "latest",
      "string": "latest",
      "strp": "latest",
      "node-dir": "latest"
    },
    "devDependencies": {
      "babel": "^6.5.2",
      "babel-cli": "^6.16.0",
      "babel-preset-es2015": "^6.16.0",
      "babel-preset-react": "^6.16.0"
    },
    "repository": "https://github.com/zerodevgroup/accelerate.git",
    "scripts": {
      "compile": "babel -d ./ src/",
      "watch": "babel --watch -d ./ src/",
      "prepublish": "npm run compile"
    },
    "license": "MIT"
  }

yarn manifest: 
  No manifest

Lockfile: 
  No lockfile

Trace: 
  Error: https://registry.yarnpkg.com/node-dir/-/node-dir-0.1.17.tgz: Request failed "401 Unauthorized"
      at Request.handleRequestError (/Users/f7ih/.npm-global/lib/node_modules/yarn/lib/fetchers/tarball-fetcher.js:200:20)
      at emitOne (events.js:96:13)
      at Request.emit (events.js:188:7)
      at Request.onRequestResponse (/Users/f7ih/.npm-global/lib/node_modules/yarn/node_modules/request/request.js:1074:10)
      at emitOne (events.js:96:13)
      at ClientRequest.emit (events.js:188:7)
      at HTTPParser.parserOnIncomingClient (_http_client.js:473:21)
      at HTTPParser.parserOnHeadersComplete (_http_common.js:99:23)
      at TLSSocket.socketOnData (_http_client.js:362:20)
      at emitOne (events.js:96:13)
      at TLSSocket.emit (events.js:188:7)
